<?xml version="1.0" encoding="UTF-8"?>
<!-- Generated by org.testng.reporters.JUnitReportReporter -->
<testsuite skipped="0" hostname="PC2017000016" name="NERLExcel.ComExcel" tests="2" failures="0" timestamp="02 Aug 2018 05:59:22 GMT" time="19.927" errors="0">
  <testcase name="Demo" time="9.885" classname="NERLExcel.ComExcel"/>
  <testcase name="Demo" time="10.042" classname="NERLExcel.ComExcel"/>
</testsuite> <!-- NERLExcel.ComExcel -->
